{
  "stats": {
    "suites": 1,
    "tests": 2,
    "passes": 2,
    "pending": 0,
    "failures": 0,
    "start": "2025-08-03T04:36:07.585Z",
    "end": "2025-08-03T04:36:17.247Z",
    "duration": 9662,
    "testsRegistered": 2,
    "passPercent": 100,
    "pendingPercent": 0,
    "other": 0,
    "hasOther": false,
    "skipped": 0,
    "hasSkipped": false
  },
  "results": [
    {
      "uuid": "fcb9512f-0abd-404c-9cf5-0d7d28e704b7",
      "title": "",
      "fullFile": "C:\\Users\\trian\\Downloads\\QA Engineer\\SESI 9\\web-ui-automation\\test\\testSauce.js",
      "file": "\\test\\testSauce.js",
      "beforeHooks": [],
      "afterHooks": [],
      "tests": [],
      "suites": [
        {
          "uuid": "57997807-12cf-40e6-bc47-35132730d61f",
          "title": "SauceDemo automation test",
          "fullFile": "C:\\Users\\trian\\Downloads\\QA Engineer\\SESI 9\\web-ui-automation\\test\\testSauce.js",
          "file": "\\test\\testSauce.js",
          "beforeHooks": [
            {
              "title": "\"before each\" hook in \"SauceDemo automation test\"",
              "fullTitle": "SauceDemo automation test \"before each\" hook in \"SauceDemo automation test\"",
              "timedOut": false,
              "duration": 2720,
              "state": null,
              "speed": null,
              "pass": false,
              "fail": false,
              "pending": false,
              "context": null,
              "code": "let options = new chrome.Options();\noptions.addArguments('--incognito');\ndriver = await new Builder().forBrowser('chrome').setChromeOptions(options).build();\nawait driver.get('https://www.saucedemo.com/');\nawait driver.findElement(By.id('user-name')).sendKeys('standard_user');\nawait driver.findElement(By.id('password')).sendKeys('secret_sauce');\nawait driver.findElement(By.id('login-button')).click();\nawait driver.wait(until.urlContains('inventory'), 5000);",
              "err": {},
              "uuid": "f44ae52c-64e0-4136-ae50-4f41035e7f8a",
              "parentUUID": "57997807-12cf-40e6-bc47-35132730d61f",
              "isHook": true,
              "skipped": false
            }
          ],
          "afterHooks": [
            {
              "title": "\"after each\" hook in \"SauceDemo automation test\"",
              "fullTitle": "SauceDemo automation test \"after each\" hook in \"SauceDemo automation test\"",
              "timedOut": false,
              "duration": 249,
              "state": null,
              "speed": null,
              "pass": false,
              "fail": false,
              "pending": false,
              "context": null,
              "code": "await driver.quit();",
              "err": {},
              "uuid": "1884562c-4a20-438e-9b44-c4e1de55a1b0",
              "parentUUID": "57997807-12cf-40e6-bc47-35132730d61f",
              "isHook": true,
              "skipped": false
            }
          ],
          "tests": [
            {
              "title": "should login success",
              "fullTitle": "SauceDemo automation test should login success",
              "timedOut": false,
              "duration": 106,
              "state": "passed",
              "speed": "slow",
              "pass": true,
              "fail": false,
              "pending": false,
              "context": null,
              "code": "let productTitle = await driver.findElement(By.className('title')).getText();\nassert.strictEqual(productTitle, 'Products');",
              "err": {},
              "uuid": "d3f1cffa-847a-44db-bf15-b1e55ff04f8b",
              "parentUUID": "57997807-12cf-40e6-bc47-35132730d61f",
              "isHook": false,
              "skipped": false
            },
            {
              "title": "should sort products from A to Z",
              "fullTitle": "SauceDemo automation test should sort products from A to Z",
              "timedOut": false,
              "duration": 1382,
              "state": "passed",
              "speed": "slow",
              "pass": true,
              "fail": false,
              "pending": false,
              "context": null,
              "code": "// Pilih sorting \"Name (A to Z)\"\nlet sortDropdown = await driver.findElement(By.className('product_sort_container'));\nawait sortDropdown.click();\nawait sortDropdown.findElement(By.css('option[value=\"az\"]')).click();\n// Ambil semua nama produk setelah sorting\nawait driver.sleep(1000); // Tunggu sebentar agar sorting selesai\nlet productElements = await driver.findElements(By.className('inventory_item_name'));\nlet productNames = [];\nfor (let el of productElements) {\n    productNames.push(await el.getText());\n}\n// Buat salinan dan sort ascending\nlet sortedNames = [...productNames].sort((a, b) => a.localeCompare(b));\n// Pastikan urutan produk sudah sesuai A-Z\nassert.deepStrictEqual(productNames, sortedNames);",
              "err": {},
              "uuid": "00fe6fba-d371-420d-84fc-2334b8b67db3",
              "parentUUID": "57997807-12cf-40e6-bc47-35132730d61f",
              "isHook": false,
              "skipped": false
            }
          ],
          "suites": [],
          "passes": [
            "d3f1cffa-847a-44db-bf15-b1e55ff04f8b",
            "00fe6fba-d371-420d-84fc-2334b8b67db3"
          ],
          "failures": [],
          "pending": [],
          "skipped": [],
          "duration": 1488,
          "root": false,
          "rootEmpty": false,
          "_timeout": 20000
        }
      ],
      "passes": [],
      "failures": [],
      "pending": [],
      "skipped": [],
      "duration": 0,
      "root": true,
      "rootEmpty": true,
      "_timeout": 60000
    }
  ],
  "meta": {
    "mocha": {
      "version": "11.7.1"
    },
    "mochawesome": {
      "options": {
        "quiet": false,
        "reportFilename": "mochawesome",
        "saveHtml": true,
        "saveJson": true,
        "consoleReporter": "spec",
        "useInlineDiffs": false,
        "code": true
      },
      "version": "7.1.3"
    },
    "marge": {
      "options": null,
      "version": "6.2.0"
    }
  }
}