{
  "stats": {
    "suites": 1,
    "tests": 2,
    "passes": 2,
    "pending": 0,
    "failures": 0,
    "start": "2025-08-03T05:54:49.834Z",
    "end": "2025-08-03T05:54:59.866Z",
    "duration": 10032,
    "testsRegistered": 2,
    "passPercent": 100,
    "pendingPercent": 0,
    "other": 0,
    "hasOther": false,
    "skipped": 0,
    "hasSkipped": false
  },
  "results": [
    {
      "uuid": "a97115bf-2b1c-4da5-98bc-1f5591be1e37",
      "title": "",
      "fullFile": "C:\\Users\\trian\\Downloads\\QA Engineer\\SESI 9\\web-ui-automation\\test\\testSauce.js",
      "file": "\\test\\testSauce.js",
      "beforeHooks": [],
      "afterHooks": [],
      "tests": [],
      "suites": [
        {
          "uuid": "ec6e97cb-5458-48aa-aec4-a2b58f3fa19a",
          "title": "SauceDemo automation test",
          "fullFile": "C:\\Users\\trian\\Downloads\\QA Engineer\\SESI 9\\web-ui-automation\\test\\testSauce.js",
          "file": "\\test\\testSauce.js",
          "beforeHooks": [
            {
              "title": "\"before each\" hook in \"SauceDemo automation test\"",
              "fullTitle": "SauceDemo automation test \"before each\" hook in \"SauceDemo automation test\"",
              "timedOut": false,
              "duration": 2831,
              "state": null,
              "speed": null,
              "pass": false,
              "fail": false,
              "pending": false,
              "context": null,
              "code": "let options = new chrome.Options();\noptions.addArguments('--incognito');\ndriver = await new Builder().forBrowser('chrome').setChromeOptions(options).build();\nawait driver.get('https://www.saucedemo.com/');\nawait driver.findElement(By.id('user-name')).sendKeys('standard_user');\nawait driver.findElement(By.id('password')).sendKeys('secret_sauce');\nawait driver.findElement(By.id('login-button')).click();\nawait driver.wait(until.urlContains('inventory'), 5000);",
              "err": {},
              "uuid": "3958af2b-f9cf-40b2-96ba-10f057d4b892",
              "parentUUID": "ec6e97cb-5458-48aa-aec4-a2b58f3fa19a",
              "isHook": true,
              "skipped": false
            }
          ],
          "afterHooks": [
            {
              "title": "\"after each\" hook in \"SauceDemo automation test\"",
              "fullTitle": "SauceDemo automation test \"after each\" hook in \"SauceDemo automation test\"",
              "timedOut": false,
              "duration": 286,
              "state": null,
              "speed": null,
              "pass": false,
              "fail": false,
              "pending": false,
              "context": null,
              "code": "await driver.quit();",
              "err": {},
              "uuid": "3e9f447c-70f5-4b72-afe7-04c024bd0ca0",
              "parentUUID": "ec6e97cb-5458-48aa-aec4-a2b58f3fa19a",
              "isHook": true,
              "skipped": false
            }
          ],
          "tests": [
            {
              "title": "should login success",
              "fullTitle": "SauceDemo automation test should login success",
              "timedOut": false,
              "duration": 73,
              "state": "passed",
              "speed": "medium",
              "pass": true,
              "fail": false,
              "pending": false,
              "context": null,
              "code": "let productTitle = await driver.findElement(By.className('title')).getText();\nassert.strictEqual(productTitle, 'Products');",
              "err": {},
              "uuid": "c6426292-7846-4c34-a949-5b4b17cdf9d6",
              "parentUUID": "ec6e97cb-5458-48aa-aec4-a2b58f3fa19a",
              "isHook": false,
              "skipped": false
            },
            {
              "title": "should sort products from A to Z",
              "fullTitle": "SauceDemo automation test should sort products from A to Z",
              "timedOut": false,
              "duration": 1324,
              "state": "passed",
              "speed": "slow",
              "pass": true,
              "fail": false,
              "pending": false,
              "context": null,
              "code": "// Pilih sorting \"Name (A to Z)\"\nlet sortDropdown = await driver.findElement(By.className('product_sort_container'));\nawait sortDropdown.click();\nawait sortDropdown.findElement(By.css('option[value=\"az\"]')).click();\n// Ambil semua nama produk setelah sorting\nawait driver.sleep(1000); // Tunggu sebentar agar sorting selesai\nlet productElements = await driver.findElements(By.className('inventory_item_name'));\nlet productNames = [];\nfor (let el of productElements) {\n    productNames.push(await el.getText());\n}\n// Buat salinan dan sort ascending\nlet sortedNames = [...productNames].sort((a, b) => a.localeCompare(b));\n// Pastikan urutan produk sudah sesuai A-Z\nassert.deepStrictEqual(productNames, sortedNames);",
              "err": {},
              "uuid": "88e4ab6a-0684-4f18-9e39-bf18df50123f",
              "parentUUID": "ec6e97cb-5458-48aa-aec4-a2b58f3fa19a",
              "isHook": false,
              "skipped": false
            }
          ],
          "suites": [],
          "passes": [
            "c6426292-7846-4c34-a949-5b4b17cdf9d6",
            "88e4ab6a-0684-4f18-9e39-bf18df50123f"
          ],
          "failures": [],
          "pending": [],
          "skipped": [],
          "duration": 1397,
          "root": false,
          "rootEmpty": false,
          "_timeout": 20000
        }
      ],
      "passes": [],
      "failures": [],
      "pending": [],
      "skipped": [],
      "duration": 0,
      "root": true,
      "rootEmpty": true,
      "_timeout": 60000
    }
  ],
  "meta": {
    "mocha": {
      "version": "11.7.1"
    },
    "mochawesome": {
      "options": {
        "quiet": false,
        "reportFilename": "mochawesome",
        "saveHtml": true,
        "saveJson": true,
        "consoleReporter": "spec",
        "useInlineDiffs": false,
        "code": true
      },
      "version": "7.1.3"
    },
    "marge": {
      "options": {
        "id": "default",
        "reportDir": "mochawesome-report",
        "reportFilename": "mochawesome"
      },
      "version": "6.2.0"
    }
  }
}